  Knight.cpp
  Jogo.cpp
  Human.cpp
  Generating Code...
  Skipping... (no relevant changes detected)
  main.cpp
CarregadorDeAssets.obj : warning LNK4075: ignoring '/EDITANDCONTINUE' due to '/SAFESEH' specification
libUnicornio_d.lib(Audio.obj) : warning LNK4099: PDB 'libUnicornio-Windows.pdb' was not found with 'libUnicornio_d.lib(Audio.obj)' or at 'C:\Users\lleo832\Desktop\libUnicornio-master\projetos\le4_ex\bin\libUnicornio-Windows.pdb'; linking object as if no debug info
libUnicornio_d.lib(GerenciadorDeMusica.obj) : warning LNK4099: PDB 'libUnicornio-Windows.pdb' was not found with 'libUnicornio_d.lib(GerenciadorDeMusica.obj)' or at 'C:\Users\lleo832\Desktop\libUnicornio-master\projetos\le4_ex\bin\libUnicornio-Windows.pdb'; linking object as if no debug info
libUnicornio_d.lib(MixadorDeAudios.obj) : warning LNK4099: PDB 'libUnicornio-Windows.pdb' was not found with 'libUnicornio_d.lib(MixadorDeAudios.obj)' or at 'C:\Users\lleo832\Desktop\libUnicornio-master\projetos\le4_ex\bin\libUnicornio-Windows.pdb'; linking object as if no debug info
libUnicornio_d.lib(Musica.obj) : warning LNK4099: PDB 'libUnicornio-Windows.pdb' was not found with 'libUnicornio_d.lib(Musica.obj)' or at 'C:\Users\lleo832\Desktop\libUnicornio-master\projetos\le4_ex\bin\libUnicornio-Windows.pdb'; linking object as if no debug info
libUnicornio_d.lib(Som.obj) : warning LNK4099: PDB 'libUnicornio-Windows.pdb' was not found with 'libUnicornio_d.lib(Som.obj)' or at 'C:\Users\lleo832\Desktop\libUnicornio-master\projetos\le4_ex\bin\libUnicornio-Windows.pdb'; linking object as if no debug info
libUnicornio_d.lib(uniTestarColisao.obj) : warning LNK4099: PDB 'libUnicornio-Windows.pdb' was not found with 'libUnicornio_d.lib(uniTestarColisao.obj)' or at 'C:\Users\lleo832\Desktop\libUnicornio-master\projetos\le4_ex\bin\libUnicornio-Windows.pdb'; linking object as if no debug info
libUnicornio_d.lib(PainelDeDebug.obj) : warning LNK4099: PDB 'libUnicornio-Windows.pdb' was not found with 'libUnicornio_d.lib(PainelDeDebug.obj)' or at 'C:\Users\lleo832\Desktop\libUnicornio-master\projetos\le4_ex\bin\libUnicornio-Windows.pdb'; linking object as if no debug info
libUnicornio_d.lib(GerenciadorDeEventos.obj) : warning LNK4099: PDB 'libUnicornio-Windows.pdb' was not found with 'libUnicornio_d.lib(GerenciadorDeEventos.obj)' or at 'C:\Users\lleo832\Desktop\libUnicornio-master\projetos\le4_ex\bin\libUnicornio-Windows.pdb'; linking object as if no debug info
libUnicornio_d.lib(EventosInputTexto.obj) : warning LNK4099: PDB 'libUnicornio-Windows.pdb' was not found with 'libUnicornio_d.lib(EventosInputTexto.obj)' or at 'C:\Users\lleo832\Desktop\libUnicornio-master\projetos\le4_ex\bin\libUnicornio-Windows.pdb'; linking object as if no debug info
libUnicornio_d.lib(EventosJoysticks.obj) : warning LNK4099: PDB 'libUnicornio-Windows.pdb' was not found with 'libUnicornio_d.lib(EventosJoysticks.obj)' or at 'C:\Users\lleo832\Desktop\libUnicornio-master\projetos\le4_ex\bin\libUnicornio-Windows.pdb'; linking object as if no debug info
libUnicornio_d.lib(EventosMouse.obj) : warning LNK4099: PDB 'libUnicornio-Windows.pdb' was not found with 'libUnicornio_d.lib(EventosMouse.obj)' or at 'C:\Users\lleo832\Desktop\libUnicornio-master\projetos\le4_ex\bin\libUnicornio-Windows.pdb'; linking object as if no debug info
libUnicornio_d.lib(EventosTeclado.obj) : warning LNK4099: PDB 'libUnicornio-Windows.pdb' was not found with 'libUnicornio_d.lib(EventosTeclado.obj)' or at 'C:\Users\lleo832\Desktop\libUnicornio-master\projetos\le4_ex\bin\libUnicornio-Windows.pdb'; linking object as if no debug info
libUnicornio_d.lib(EventosToques.obj) : warning LNK4099: PDB 'libUnicornio-Windows.pdb' was not found with 'libUnicornio_d.lib(EventosToques.obj)' or at 'C:\Users\lleo832\Desktop\libUnicornio-master\projetos\le4_ex\bin\libUnicornio-Windows.pdb'; linking object as if no debug info
libUnicornio_d.lib(Joystick.obj) : warning LNK4099: PDB 'libUnicornio-Windows.pdb' was not found with 'libUnicornio_d.lib(Joystick.obj)' or at 'C:\Users\lleo832\Desktop\libUnicornio-master\projetos\le4_ex\bin\libUnicornio-Windows.pdb'; linking object as if no debug info
libUnicornio_d.lib(Global.obj) : warning LNK4099: PDB 'libUnicornio-Windows.pdb' was not found with 'libUnicornio_d.lib(Global.obj)' or at 'C:\Users\lleo832\Desktop\libUnicornio-master\projetos\le4_ex\bin\libUnicornio-Windows.pdb'; linking object as if no debug info
libUnicornio_d.lib(jsoncpp.obj) : warning LNK4099: PDB 'libUnicornio-Windows.pdb' was not found with 'libUnicornio_d.lib(jsoncpp.obj)' or at 'C:\Users\lleo832\Desktop\libUnicornio-master\projetos\le4_ex\bin\libUnicornio-Windows.pdb'; linking object as if no debug info
libUnicornio_d.lib(Quad.obj) : warning LNK4099: PDB 'libUnicornio-Windows.pdb' was not found with 'libUnicornio_d.lib(Quad.obj)' or at 'C:\Users\lleo832\Desktop\libUnicornio-master\projetos\le4_ex\bin\libUnicornio-Windows.pdb'; linking object as if no debug info
libUnicornio_d.lib(GerenciadorDeRecursos.obj) : warning LNK4099: PDB 'libUnicornio-Windows.pdb' was not found with 'libUnicornio_d.lib(GerenciadorDeRecursos.obj)' or at 'C:\Users\lleo832\Desktop\libUnicornio-master\projetos\le4_ex\bin\libUnicornio-Windows.pdb'; linking object as if no debug info
libUnicornio_d.lib(Cor.obj) : warning LNK4099: PDB 'libUnicornio-Windows.pdb' was not found with 'libUnicornio_d.lib(Cor.obj)' or at 'C:\Users\lleo832\Desktop\libUnicornio-master\projetos\le4_ex\bin\libUnicornio-Windows.pdb'; linking object as if no debug info
libUnicornio_d.lib(Fading.obj) : warning LNK4099: PDB 'libUnicornio-Windows.pdb' was not found with 'libUnicornio_d.lib(Fading.obj)' or at 'C:\Users\lleo832\Desktop\libUnicornio-master\projetos\le4_ex\bin\libUnicornio-Windows.pdb'; linking object as if no debug info
libUnicornio_d.lib(Fonte.obj) : warning LNK4099: PDB 'libUnicornio-Windows.pdb' was not found with 'libUnicornio_d.lib(Fonte.obj)' or at 'C:\Users\lleo832\Desktop\libUnicornio-master\projetos\le4_ex\bin\libUnicornio-Windows.pdb'; linking object as if no debug info
libUnicornio_d.lib(GerenciadorDeGraficos.obj) : warning LNK4099: PDB 'libUnicornio-Windows.pdb' was not found with 'libUnicornio_d.lib(GerenciadorDeGraficos.obj)' or at 'C:\Users\lleo832\Desktop\libUnicornio-master\projetos\le4_ex\bin\libUnicornio-Windows.pdb'; linking object as if no debug info
libUnicornio_d.lib(Janela.obj) : warning LNK4099: PDB 'libUnicornio-Windows.pdb' was not found with 'libUnicornio_d.lib(Janela.obj)' or at 'C:\Users\lleo832\Desktop\libUnicornio-master\projetos\le4_ex\bin\libUnicornio-Windows.pdb'; linking object as if no debug info
libUnicornio_d.lib(Sprite.obj) : warning LNK4099: PDB 'libUnicornio-Windows.pdb' was not found with 'libUnicornio_d.lib(Sprite.obj)' or at 'C:\Users\lleo832\Desktop\libUnicornio-master\projetos\le4_ex\bin\libUnicornio-Windows.pdb'; linking object as if no debug info
libUnicornio_d.lib(SpriteSheet.obj) : warning LNK4099: PDB 'libUnicornio-Windows.pdb' was not found with 'libUnicornio_d.lib(SpriteSheet.obj)' or at 'C:\Users\lleo832\Desktop\libUnicornio-master\projetos\le4_ex\bin\libUnicornio-Windows.pdb'; linking object as if no debug info
libUnicornio_d.lib(Texto.obj) : warning LNK4099: PDB 'libUnicornio-Windows.pdb' was not found with 'libUnicornio_d.lib(Texto.obj)' or at 'C:\Users\lleo832\Desktop\libUnicornio-master\projetos\le4_ex\bin\libUnicornio-Windows.pdb'; linking object as if no debug info
libUnicornio_d.lib(Textura.obj) : warning LNK4099: PDB 'libUnicornio-Windows.pdb' was not found with 'libUnicornio_d.lib(Textura.obj)' or at 'C:\Users\lleo832\Desktop\libUnicornio-master\projetos\le4_ex\bin\libUnicornio-Windows.pdb'; linking object as if no debug info
libUnicornio_d.lib(TexturaBase.obj) : warning LNK4099: PDB 'libUnicornio-Windows.pdb' was not found with 'libUnicornio_d.lib(TexturaBase.obj)' or at 'C:\Users\lleo832\Desktop\libUnicornio-master\projetos\le4_ex\bin\libUnicornio-Windows.pdb'; linking object as if no debug info
libUnicornio_d.lib(GerenciadorDeStrings.obj) : warning LNK4099: PDB 'libUnicornio-Windows.pdb' was not found with 'libUnicornio_d.lib(GerenciadorDeStrings.obj)' or at 'C:\Users\lleo832\Desktop\libUnicornio-master\projetos\le4_ex\bin\libUnicornio-Windows.pdb'; linking object as if no debug info
libUnicornio_d.lib(GrupoDeStrings.obj) : warning LNK4099: PDB 'libUnicornio-Windows.pdb' was not found with 'libUnicornio_d.lib(GrupoDeStrings.obj)' or at 'C:\Users\lleo832\Desktop\libUnicornio-master\projetos\le4_ex\bin\libUnicornio-Windows.pdb'; linking object as if no debug info
libUnicornio_d.lib(GerenciadorDeTempo.obj) : warning LNK4099: PDB 'libUnicornio-Windows.pdb' was not found with 'libUnicornio_d.lib(GerenciadorDeTempo.obj)' or at 'C:\Users\lleo832\Desktop\libUnicornio-master\projetos\le4_ex\bin\libUnicornio-Windows.pdb'; linking object as if no debug info
libUnicornio_d.lib(uniFuncoesPrincipais.obj) : warning LNK4099: PDB 'libUnicornio-Windows.pdb' was not found with 'libUnicornio_d.lib(uniFuncoesPrincipais.obj)' or at 'C:\Users\lleo832\Desktop\libUnicornio-master\projetos\le4_ex\bin\libUnicornio-Windows.pdb'; linking object as if no debug info
libUnicornio_d.lib(Vetor2D.obj) : warning LNK4099: PDB 'libUnicornio-Windows.pdb' was not found with 'libUnicornio_d.lib(Vetor2D.obj)' or at 'C:\Users\lleo832\Desktop\libUnicornio-master\projetos\le4_ex\bin\libUnicornio-Windows.pdb'; linking object as if no debug info
  base.vcxproj -> C:\Users\lleo832\Desktop\libUnicornio-master\projetos\le4_ex\bin\base-debug.exe
